[23-Aug-2019 12:15:09 UTC] PHP Notice:  Undefined variable: email in /Users/kaneshirokento/Desktop/WebKatuFile/PHP/FreemarketSample/signup.php on line 216
[23-Aug-2019 12:15:09 UTC] PHP Notice:  Undefined variable: pass in /Users/kaneshirokento/Desktop/WebKatuFile/PHP/FreemarketSample/signup.php on line 220
[23-Aug-2019 12:15:09 UTC] PHP Notice:  Undefined variable: pass_re in /Users/kaneshirokento/Desktop/WebKatuFile/PHP/FreemarketSample/signup.php on line 224
[23-Aug-2019 12:15:11 UTC] PHP Notice:  Undefined variable: email in /Users/kaneshirokento/Desktop/WebKatuFile/PHP/FreemarketSample/signup.php on line 216
[23-Aug-2019 12:15:11 UTC] PHP Notice:  Undefined variable: pass in /Users/kaneshirokento/Desktop/WebKatuFile/PHP/FreemarketSample/signup.php on line 220
[23-Aug-2019 12:15:11 UTC] PHP Notice:  Undefined variable: pass_re in /Users/kaneshirokento/Desktop/WebKatuFile/PHP/FreemarketSample/signup.php on line 224
[23-Aug-2019 12:15:11 UTC] PHP Notice:  Undefined variable: email in /Users/kaneshirokento/Desktop/WebKatuFile/PHP/FreemarketSample/signup.php on line 216
[23-Aug-2019 12:15:11 UTC] PHP Notice:  Undefined variable: pass in /Users/kaneshirokento/Desktop/WebKatuFile/PHP/FreemarketSample/signup.php on line 220
[23-Aug-2019 12:15:11 UTC] PHP Notice:  Undefined variable: pass_re in /Users/kaneshirokento/Desktop/WebKatuFile/PHP/FreemarketSample/signup.php on line 224
[23-Aug-2019 12:15:12 UTC] PHP Notice:  Undefined variable: email in /Users/kaneshirokento/Desktop/WebKatuFile/PHP/FreemarketSample/signup.php on line 216
[23-Aug-2019 12:15:12 UTC] PHP Notice:  Undefined variable: pass in /Users/kaneshirokento/Desktop/WebKatuFile/PHP/FreemarketSample/signup.php on line 220
[23-Aug-2019 12:15:12 UTC] PHP Notice:  Undefined variable: pass_re in /Users/kaneshirokento/Desktop/WebKatuFile/PHP/FreemarketSample/signup.php on line 224
[24-Aug-2019 09:46:44 UTC] PHP Notice:  Undefined variable: email in /Users/kaneshirokento/Desktop/WebKatuFile/PHP/FreemarketSample/signup.php on line 216
[24-Aug-2019 09:46:44 UTC] PHP Notice:  Undefined variable: pass in /Users/kaneshirokento/Desktop/WebKatuFile/PHP/FreemarketSample/signup.php on line 220
[24-Aug-2019 09:46:44 UTC] PHP Notice:  Undefined variable: pass_re in /Users/kaneshirokento/Desktop/WebKatuFile/PHP/FreemarketSample/signup.php on line 224
[24-Aug-2019 09:46:58 UTC] PHP Notice:  Undefined variable: email in /Users/kaneshirokento/Desktop/WebKatuFile/PHP/FreemarketSample/signup.php on line 216
[24-Aug-2019 09:46:58 UTC] PHP Notice:  Undefined variable: pass in /Users/kaneshirokento/Desktop/WebKatuFile/PHP/FreemarketSample/signup.php on line 220
[24-Aug-2019 09:46:58 UTC] PHP Notice:  Undefined variable: pass_re in /Users/kaneshirokento/Desktop/WebKatuFile/PHP/FreemarketSample/signup.php on line 224
[24-Aug-2019 09:46:58 UTC] PHP Notice:  Undefined variable: email in /Users/kaneshirokento/Desktop/WebKatuFile/PHP/FreemarketSample/signup.php on line 216
[24-Aug-2019 09:46:58 UTC] PHP Notice:  Undefined variable: pass in /Users/kaneshirokento/Desktop/WebKatuFile/PHP/FreemarketSample/signup.php on line 220
[24-Aug-2019 09:46:58 UTC] PHP Notice:  Undefined variable: pass_re in /Users/kaneshirokento/Desktop/WebKatuFile/PHP/FreemarketSample/signup.php on line 224
[24-Aug-2019 09:47:00 UTC] PHP Notice:  Undefined variable: email in /Users/kaneshirokento/Desktop/WebKatuFile/PHP/FreemarketSample/signup.php on line 216
[24-Aug-2019 09:47:00 UTC] PHP Notice:  Undefined variable: pass in /Users/kaneshirokento/Desktop/WebKatuFile/PHP/FreemarketSample/signup.php on line 220
[24-Aug-2019 09:47:00 UTC] PHP Notice:  Undefined variable: pass_re in /Users/kaneshirokento/Desktop/WebKatuFile/PHP/FreemarketSample/signup.php on line 224
[24-Aug-2019 09:47:11 UTC] PHP Notice:  Undefined variable: email in /Users/kaneshirokento/Desktop/WebKatuFile/PHP/FreemarketSample/signup.php on line 216
[24-Aug-2019 09:47:11 UTC] PHP Notice:  Undefined variable: pass in /Users/kaneshirokento/Desktop/WebKatuFile/PHP/FreemarketSample/signup.php on line 220
[24-Aug-2019 09:47:11 UTC] PHP Notice:  Undefined variable: pass_re in /Users/kaneshirokento/Desktop/WebKatuFile/PHP/FreemarketSample/signup.php on line 224
[24-Aug-2019 09:47:11 UTC] PHP Notice:  Undefined variable: email in /Users/kaneshirokento/Desktop/WebKatuFile/PHP/FreemarketSample/signup.php on line 216
[24-Aug-2019 09:47:11 UTC] PHP Notice:  Undefined variable: pass in /Users/kaneshirokento/Desktop/WebKatuFile/PHP/FreemarketSample/signup.php on line 220
[24-Aug-2019 09:47:11 UTC] PHP Notice:  Undefined variable: pass_re in /Users/kaneshirokento/Desktop/WebKatuFile/PHP/FreemarketSample/signup.php on line 224
[28-Aug-2019 10:48:05 UTC] PHP Notice:  Undefined variable: email in /Users/kaneshirokento/Desktop/WebKatuFile/PHP/FreemarketSample/signup.php on line 216
[28-Aug-2019 10:48:05 UTC] PHP Notice:  Undefined variable: pass in /Users/kaneshirokento/Desktop/WebKatuFile/PHP/FreemarketSample/signup.php on line 220
[28-Aug-2019 10:48:05 UTC] PHP Notice:  Undefined variable: pass_re in /Users/kaneshirokento/Desktop/WebKatuFile/PHP/FreemarketSample/signup.php on line 224
[28-Aug-2019 10:48:06 UTC] PHP Notice:  Undefined variable: email in /Users/kaneshirokento/Desktop/WebKatuFile/PHP/FreemarketSample/signup.php on line 216
[28-Aug-2019 10:48:06 UTC] PHP Notice:  Undefined variable: pass in /Users/kaneshirokento/Desktop/WebKatuFile/PHP/FreemarketSample/signup.php on line 220
[28-Aug-2019 10:48:06 UTC] PHP Notice:  Undefined variable: pass_re in /Users/kaneshirokento/Desktop/WebKatuFile/PHP/FreemarketSample/signup.php on line 224
[29-Aug-2019 16:01:03 UTC] PHP Notice:  Undefined variable: email in /Users/kaneshirokento/Desktop/WebKatuFile/PHP/FreemarketSample/signup.php on line 216
[29-Aug-2019 16:01:03 UTC] PHP Notice:  Undefined variable: pass in /Users/kaneshirokento/Desktop/WebKatuFile/PHP/FreemarketSample/signup.php on line 220
[29-Aug-2019 16:01:03 UTC] PHP Notice:  Undefined variable: pass_re in /Users/kaneshirokento/Desktop/WebKatuFile/PHP/FreemarketSample/signup.php on line 224
[29-Aug-2019 16:01:04 UTC] PHP Notice:  Undefined variable: email in /Users/kaneshirokento/Desktop/WebKatuFile/PHP/FreemarketSample/signup.php on line 216
[29-Aug-2019 16:01:04 UTC] PHP Notice:  Undefined variable: pass in /Users/kaneshirokento/Desktop/WebKatuFile/PHP/FreemarketSample/signup.php on line 220
[29-Aug-2019 16:01:04 UTC] PHP Notice:  Undefined variable: pass_re in /Users/kaneshirokento/Desktop/WebKatuFile/PHP/FreemarketSample/signup.php on line 224
[08-Sep-2019 13:20:20 UTC] PHP Notice:  Undefined variable: email in /Users/kaneshirokento/Desktop/WebKatuFile/PHP/FreemarketSample/signup.php on line 228
[08-Sep-2019 13:20:20 UTC] PHP Notice:  Undefined variable: pass in /Users/kaneshirokento/Desktop/WebKatuFile/PHP/FreemarketSample/signup.php on line 232
[08-Sep-2019 13:20:20 UTC] PHP Notice:  Undefined variable: pass_re in /Users/kaneshirokento/Desktop/WebKatuFile/PHP/FreemarketSample/signup.php on line 236
[08-Sep-2019 13:20:21 UTC] PHP Notice:  Undefined variable: email in /Users/kaneshirokento/Desktop/WebKatuFile/PHP/FreemarketSample/signup.php on line 228
[08-Sep-2019 13:20:21 UTC] PHP Notice:  Undefined variable: pass in /Users/kaneshirokento/Desktop/WebKatuFile/PHP/FreemarketSample/signup.php on line 232
[08-Sep-2019 13:20:21 UTC] PHP Notice:  Undefined variable: pass_re in /Users/kaneshirokento/Desktop/WebKatuFile/PHP/FreemarketSample/signup.php on line 236
[08-Sep-2019 13:20:37 UTC] PHP Notice:  Undefined variable: email in /Users/kaneshirokento/Desktop/WebKatuFile/PHP/FreemarketSample/signup.php on line 228
[08-Sep-2019 13:20:37 UTC] PHP Notice:  Undefined variable: pass in /Users/kaneshirokento/Desktop/WebKatuFile/PHP/FreemarketSample/signup.php on line 232
[08-Sep-2019 13:20:37 UTC] PHP Notice:  Undefined variable: pass_re in /Users/kaneshirokento/Desktop/WebKatuFile/PHP/FreemarketSample/signup.php on line 236
[08-Sep-2019 13:21:52 UTC] PHP Notice:  Undefined variable: email in /Users/kaneshirokento/Desktop/WebKatuFile/PHP/FreemarketSample/signup.php on line 230
[08-Sep-2019 13:21:52 UTC] PHP Notice:  Undefined variable: pass in /Users/kaneshirokento/Desktop/WebKatuFile/PHP/FreemarketSample/signup.php on line 234
[08-Sep-2019 13:21:52 UTC] PHP Notice:  Undefined variable: pass_re in /Users/kaneshirokento/Desktop/WebKatuFile/PHP/FreemarketSample/signup.php on line 238
[08-Sep-2019 13:22:25 UTC] PHP Notice:  Undefined variable: email in /Users/kaneshirokento/Desktop/WebKatuFile/PHP/FreemarketSample/signup.php on line 230
[08-Sep-2019 13:22:25 UTC] PHP Notice:  Undefined variable: pass in /Users/kaneshirokento/Desktop/WebKatuFile/PHP/FreemarketSample/signup.php on line 234
[08-Sep-2019 13:22:25 UTC] PHP Notice:  Undefined variable: pass_re in /Users/kaneshirokento/Desktop/WebKatuFile/PHP/FreemarketSample/signup.php on line 238
[08-Sep-2019 13:49:56 UTC] PHP Notice:  Undefined variable: email in /Users/kaneshirokento/Desktop/WebKatuFile/PHP/FreemarketSample/signup.php on line 230
[08-Sep-2019 13:49:56 UTC] PHP Notice:  Undefined variable: pass in /Users/kaneshirokento/Desktop/WebKatuFile/PHP/FreemarketSample/signup.php on line 234
[08-Sep-2019 13:49:56 UTC] PHP Notice:  Undefined variable: pass_re in /Users/kaneshirokento/Desktop/WebKatuFile/PHP/FreemarketSample/signup.php on line 238
[08-Sep-2019 14:01:21 UTC] PHP Notice:  Undefined index: count in /Users/kaneshirokento/Desktop/WebKatuFile/PHP/FreemarketSample/signup.php on line 90
[08-Sep-2019 14:08:28 UTC] PHP Notice:  Use of undefined constant fet - assumed 'fet' in /Users/kaneshirokento/Desktop/WebKatuFile/PHP/FreemarketSample/signup.php on line 89
[08-Sep-2019 14:11:13 UTC] PHP Warning:  error_log() expects parameter 2 to be integer, string given in /Users/kaneshirokento/Desktop/WebKatuFile/PHP/FreemarketSample/signup.php on line 96
